0 info it worked if it ends with ok
1 verbose cli [ '/usr/local/bin/node',
1 verbose cli   '/usr/local/bin/npm',
1 verbose cli   'install',
1 verbose cli   'express-generator',
1 verbose cli   '-g' ]
2 info using npm@3.10.10
3 info using node@v6.10.3
4 silly loadCurrentTree Starting
5 silly install loadCurrentTree
6 silly install readGlobalPackageData
7 silly fetchPackageMetaData express-generator
8 silly fetchNamedPackageData express-generator
9 silly mapToRegistry name express-generator
10 silly mapToRegistry using default registry
11 silly mapToRegistry registry https://registry.npmjs.org/
12 silly mapToRegistry data Result {
12 silly mapToRegistry   raw: 'express-generator',
12 silly mapToRegistry   scope: null,
12 silly mapToRegistry   escapedName: 'express-generator',
12 silly mapToRegistry   name: 'express-generator',
12 silly mapToRegistry   rawSpec: '',
12 silly mapToRegistry   spec: 'latest',
12 silly mapToRegistry   type: 'tag' }
13 silly mapToRegistry uri https://registry.npmjs.org/express-generator
14 verbose request uri https://registry.npmjs.org/express-generator
15 verbose request no auth needed
16 info attempt registry request try #1 at 5:06:22 PM
17 verbose request using bearer token for auth
18 verbose request id 8911dc9ca468685c
19 http request GET https://registry.npmjs.org/express-generator
20 http 200 https://registry.npmjs.org/express-generator
21 verbose headers { server: 'nginx/1.10.3',
21 verbose headers   'content-type': 'application/json',
21 verbose headers   'last-modified': 'Wed, 18 Oct 2017 12:24:37 GMT',
21 verbose headers   etag: 'W/"59e74805-a922"',
21 verbose headers   'content-encoding': 'gzip',
21 verbose headers   'cache-control': 'max-age=300',
21 verbose headers   'transfer-encoding': 'chunked',
21 verbose headers   'accept-ranges': 'bytes',
21 verbose headers   date: 'Mon, 30 Oct 2017 08:06:22 GMT',
21 verbose headers   via: '1.1 varnish',
21 verbose headers   connection: 'keep-alive',
21 verbose headers   'x-served-by': 'cache-sin18022-SIN',
21 verbose headers   'x-cache': 'MISS',
21 verbose headers   'x-cache-hits': '0',
21 verbose headers   'x-timer': 'S1509350783.770543,VS0,VE137',
21 verbose headers   vary: 'Accept-Encoding, Accept' }
22 silly get cb [ 200,
22 silly get   { server: 'nginx/1.10.3',
22 silly get     'content-type': 'application/json',
22 silly get     'last-modified': 'Wed, 18 Oct 2017 12:24:37 GMT',
22 silly get     etag: 'W/"59e74805-a922"',
22 silly get     'content-encoding': 'gzip',
22 silly get     'cache-control': 'max-age=300',
22 silly get     'transfer-encoding': 'chunked',
22 silly get     'accept-ranges': 'bytes',
22 silly get     date: 'Mon, 30 Oct 2017 08:06:22 GMT',
22 silly get     via: '1.1 varnish',
22 silly get     connection: 'keep-alive',
22 silly get     'x-served-by': 'cache-sin18022-SIN',
22 silly get     'x-cache': 'MISS',
22 silly get     'x-cache-hits': '0',
22 silly get     'x-timer': 'S1509350783.770543,VS0,VE137',
22 silly get     vary: 'Accept-Encoding, Accept' } ]
23 verbose get saving express-generator to /home/genie/.npm/registry.npmjs.org/express-generator/.cache.json
24 verbose correctMkdir /home/genie/.npm correctMkdir not in flight; initializing
25 silly install normalizeTree
26 silly loadCurrentTree Finishing
27 silly loadIdealTree Starting
28 silly install loadIdealTree
29 silly cloneCurrentTree Starting
30 silly install cloneCurrentTreeToIdealTree
31 silly cloneCurrentTree Finishing
32 silly loadShrinkwrap Starting
33 silly install loadShrinkwrap
34 silly loadShrinkwrap Finishing
35 silly loadAllDepsIntoIdealTree Starting
36 silly install loadAllDepsIntoIdealTree
37 silly resolveWithNewModule express-generator@4.15.5 checking installable status
38 silly cache add args [ 'express-generator', null ]
39 verbose cache add spec express-generator
40 silly cache add parsed spec Result {
40 silly cache add   raw: 'express-generator',
40 silly cache add   scope: null,
40 silly cache add   escapedName: 'express-generator',
40 silly cache add   name: 'express-generator',
40 silly cache add   rawSpec: '',
40 silly cache add   spec: 'latest',
40 silly cache add   type: 'tag' }
41 silly addNamed express-generator@latest
42 verbose addNamed "latest" is being treated as a dist-tag for express-generator
43 info addNameTag [ 'express-generator', 'latest' ]
44 silly mapToRegistry name express-generator
45 silly mapToRegistry using default registry
46 silly mapToRegistry registry https://registry.npmjs.org/
47 silly mapToRegistry data Result {
47 silly mapToRegistry   raw: 'express-generator',
47 silly mapToRegistry   scope: null,
47 silly mapToRegistry   escapedName: 'express-generator',
47 silly mapToRegistry   name: 'express-generator',
47 silly mapToRegistry   rawSpec: '',
47 silly mapToRegistry   spec: 'latest',
47 silly mapToRegistry   type: 'tag' }
48 silly mapToRegistry uri https://registry.npmjs.org/express-generator
49 verbose addNameTag registry:https://registry.npmjs.org/express-generator not in flight; fetching
50 verbose get https://registry.npmjs.org/express-generator not expired, no request
51 silly addNameTag next cb for express-generator with tag latest
52 silly addNamed express-generator@4.15.5
53 verbose addNamed "4.15.5" is a plain semver version for express-generator
54 silly mapToRegistry name express-generator
55 silly mapToRegistry using default registry
56 silly mapToRegistry registry https://registry.npmjs.org/
57 silly mapToRegistry data Result {
57 silly mapToRegistry   raw: 'express-generator',
57 silly mapToRegistry   scope: null,
57 silly mapToRegistry   escapedName: 'express-generator',
57 silly mapToRegistry   name: 'express-generator',
57 silly mapToRegistry   rawSpec: '',
57 silly mapToRegistry   spec: 'latest',
57 silly mapToRegistry   type: 'tag' }
58 silly mapToRegistry uri https://registry.npmjs.org/express-generator
59 verbose addRemoteTarball https://registry.npmjs.org/express-generator/-/express-generator-4.15.5.tgz not in flight; adding
60 verbose addRemoteTarball [ 'https://registry.npmjs.org/express-generator/-/express-generator-4.15.5.tgz',
60 verbose addRemoteTarball   '4e86ffe6cedb31126a2bf1dac01bd1795da6f978' ]
61 info retry fetch attempt 1 at 5:06:23 PM
62 info attempt registry request try #1 at 5:06:23 PM
63 http fetch GET https://registry.npmjs.org/express-generator/-/express-generator-4.15.5.tgz
64 verbose request using bearer token for auth
65 http fetch 200 https://registry.npmjs.org/express-generator/-/express-generator-4.15.5.tgz
66 silly fetchAndShaCheck shasum 4e86ffe6cedb31126a2bf1dac01bd1795da6f978
67 verbose addTmpTarball /tmp/npm-6376-79966db5/registry.npmjs.org/express-generator/-/express-generator-4.15.5.tgz not in flight; adding
68 verbose addTmpTarball already have metadata; skipping unpack for express-generator@4.15.5
69 verbose correctMkdir /home/genie/.npm correctMkdir not in flight; initializing
70 silly cache afterAdd express-generator@4.15.5
71 verbose afterAdd /home/genie/.npm/express-generator/4.15.5/package/package.json not in flight; writing
72 verbose correctMkdir /home/genie/.npm correctMkdir not in flight; initializing
73 verbose afterAdd /home/genie/.npm/express-generator/4.15.5/package/package.json written
74 silly fetchNamedPackageData commander
75 silly mapToRegistry name commander
76 silly mapToRegistry using default registry
77 silly mapToRegistry registry https://registry.npmjs.org/
78 silly mapToRegistry data Result {
78 silly mapToRegistry   raw: 'commander',
78 silly mapToRegistry   scope: null,
78 silly mapToRegistry   escapedName: 'commander',
78 silly mapToRegistry   name: 'commander',
78 silly mapToRegistry   rawSpec: '',
78 silly mapToRegistry   spec: 'latest',
78 silly mapToRegistry   type: 'tag' }
79 silly mapToRegistry uri https://registry.npmjs.org/commander
80 silly fetchNamedPackageData ejs
81 silly mapToRegistry name ejs
82 silly mapToRegistry using default registry
83 silly mapToRegistry registry https://registry.npmjs.org/
84 silly mapToRegistry data Result {
84 silly mapToRegistry   raw: 'ejs',
84 silly mapToRegistry   scope: null,
84 silly mapToRegistry   escapedName: 'ejs',
84 silly mapToRegistry   name: 'ejs',
84 silly mapToRegistry   rawSpec: '',
84 silly mapToRegistry   spec: 'latest',
84 silly mapToRegistry   type: 'tag' }
85 silly mapToRegistry uri https://registry.npmjs.org/ejs
86 silly fetchNamedPackageData mkdirp
87 silly mapToRegistry name mkdirp
88 silly mapToRegistry using default registry
89 silly mapToRegistry registry https://registry.npmjs.org/
90 silly mapToRegistry data Result {
90 silly mapToRegistry   raw: 'mkdirp',
90 silly mapToRegistry   scope: null,
90 silly mapToRegistry   escapedName: 'mkdirp',
90 silly mapToRegistry   name: 'mkdirp',
90 silly mapToRegistry   rawSpec: '',
90 silly mapToRegistry   spec: 'latest',
90 silly mapToRegistry   type: 'tag' }
91 silly mapToRegistry uri https://registry.npmjs.org/mkdirp
92 silly fetchNamedPackageData sorted-object
93 silly mapToRegistry name sorted-object
94 silly mapToRegistry using default registry
95 silly mapToRegistry registry https://registry.npmjs.org/
96 silly mapToRegistry data Result {
96 silly mapToRegistry   raw: 'sorted-object',
96 silly mapToRegistry   scope: null,
96 silly mapToRegistry   escapedName: 'sorted-object',
96 silly mapToRegistry   name: 'sorted-object',
96 silly mapToRegistry   rawSpec: '',
96 silly mapToRegistry   spec: 'latest',
96 silly mapToRegistry   type: 'tag' }
97 silly mapToRegistry uri https://registry.npmjs.org/sorted-object
98 verbose request uri https://registry.npmjs.org/ejs
99 verbose request no auth needed
100 info attempt registry request try #1 at 5:06:23 PM
101 verbose request using bearer token for auth
102 http request GET https://registry.npmjs.org/ejs
103 verbose request uri https://registry.npmjs.org/sorted-object
104 verbose request no auth needed
105 info attempt registry request try #1 at 5:06:23 PM
106 verbose request using bearer token for auth
107 http request GET https://registry.npmjs.org/sorted-object
108 verbose request uri https://registry.npmjs.org/mkdirp
109 verbose request no auth needed
110 info attempt registry request try #1 at 5:06:23 PM
111 verbose request using bearer token for auth
112 verbose etag W/"59ca9aa0-6744"
113 verbose lastModified Tue, 26 Sep 2017 18:21:20 GMT
114 http request GET https://registry.npmjs.org/mkdirp
115 verbose request uri https://registry.npmjs.org/commander
116 verbose request no auth needed
117 info attempt registry request try #1 at 5:06:23 PM
118 verbose request using bearer token for auth
119 verbose etag W/"59cb0bf9-11721"
120 verbose lastModified Wed, 27 Sep 2017 02:24:57 GMT
121 http request GET https://registry.npmjs.org/commander
122 http 200 https://registry.npmjs.org/ejs
123 verbose headers { server: 'nginx/1.10.3',
123 verbose headers   'content-type': 'application/json',
123 verbose headers   'last-modified': 'Fri, 27 Oct 2017 07:11:28 GMT',
123 verbose headers   etag: 'W/"59f2dc20-113cf"',
123 verbose headers   'content-encoding': 'gzip',
123 verbose headers   'cache-control': 'max-age=300',
123 verbose headers   'transfer-encoding': 'chunked',
123 verbose headers   'accept-ranges': 'bytes',
123 verbose headers   date: 'Mon, 30 Oct 2017 08:06:23 GMT',
123 verbose headers   via: '1.1 varnish',
123 verbose headers   connection: 'keep-alive',
123 verbose headers   'x-served-by': 'cache-sin18022-SIN',
123 verbose headers   'x-cache': 'MISS',
123 verbose headers   'x-cache-hits': '0',
123 verbose headers   'x-timer': 'S1509350783.287332,VS0,VE145',
123 verbose headers   vary: 'Accept-Encoding, Accept' }
124 silly get cb [ 200,
124 silly get   { server: 'nginx/1.10.3',
124 silly get     'content-type': 'application/json',
124 silly get     'last-modified': 'Fri, 27 Oct 2017 07:11:28 GMT',
124 silly get     etag: 'W/"59f2dc20-113cf"',
124 silly get     'content-encoding': 'gzip',
124 silly get     'cache-control': 'max-age=300',
124 silly get     'transfer-encoding': 'chunked',
124 silly get     'accept-ranges': 'bytes',
124 silly get     date: 'Mon, 30 Oct 2017 08:06:23 GMT',
124 silly get     via: '1.1 varnish',
124 silly get     connection: 'keep-alive',
124 silly get     'x-served-by': 'cache-sin18022-SIN',
124 silly get     'x-cache': 'MISS',
124 silly get     'x-cache-hits': '0',
124 silly get     'x-timer': 'S1509350783.287332,VS0,VE145',
124 silly get     vary: 'Accept-Encoding, Accept' } ]
125 verbose get saving ejs to /home/genie/.npm/registry.npmjs.org/ejs/.cache.json
126 verbose correctMkdir /home/genie/.npm correctMkdir not in flight; initializing
127 silly resolveWithNewModule ejs@2.5.7 checking installable status
128 silly cache add args [ 'ejs@2.5.7', null ]
129 verbose cache add spec ejs@2.5.7
130 silly cache add parsed spec Result {
130 silly cache add   raw: 'ejs@2.5.7',
130 silly cache add   scope: null,
130 silly cache add   escapedName: 'ejs',
130 silly cache add   name: 'ejs',
130 silly cache add   rawSpec: '2.5.7',
130 silly cache add   spec: '2.5.7',
130 silly cache add   type: 'version' }
131 silly addNamed ejs@2.5.7
132 verbose addNamed "2.5.7" is a plain semver version for ejs
133 silly mapToRegistry name ejs
134 silly mapToRegistry using default registry
135 silly mapToRegistry registry https://registry.npmjs.org/
136 silly mapToRegistry data Result {
136 silly mapToRegistry   raw: 'ejs',
136 silly mapToRegistry   scope: null,
136 silly mapToRegistry   escapedName: 'ejs',
136 silly mapToRegistry   name: 'ejs',
136 silly mapToRegistry   rawSpec: '',
136 silly mapToRegistry   spec: 'latest',
136 silly mapToRegistry   type: 'tag' }
137 silly mapToRegistry uri https://registry.npmjs.org/ejs
138 verbose addNameVersion registry:https://registry.npmjs.org/ejs not in flight; fetching
139 verbose get https://registry.npmjs.org/ejs not expired, no request
140 silly mapToRegistry name ejs
141 silly mapToRegistry using default registry
142 silly mapToRegistry registry https://registry.npmjs.org/
143 silly mapToRegistry data Result {
143 silly mapToRegistry   raw: 'ejs',
143 silly mapToRegistry   scope: null,
143 silly mapToRegistry   escapedName: 'ejs',
143 silly mapToRegistry   name: 'ejs',
143 silly mapToRegistry   rawSpec: '',
143 silly mapToRegistry   spec: 'latest',
143 silly mapToRegistry   type: 'tag' }
144 silly mapToRegistry uri https://registry.npmjs.org/ejs
145 verbose addRemoteTarball https://registry.npmjs.org/ejs/-/ejs-2.5.7.tgz not in flight; adding
146 verbose addRemoteTarball [ 'https://registry.npmjs.org/ejs/-/ejs-2.5.7.tgz',
146 verbose addRemoteTarball   'cc872c168880ae3c7189762fd5ffc00896c9518a' ]
147 info retry fetch attempt 1 at 5:06:23 PM
148 info attempt registry request try #1 at 5:06:23 PM
149 http fetch GET https://registry.npmjs.org/ejs/-/ejs-2.5.7.tgz
150 verbose request using bearer token for auth
151 http fetch 200 https://registry.npmjs.org/ejs/-/ejs-2.5.7.tgz
152 http 200 https://registry.npmjs.org/sorted-object
153 verbose headers { server: 'nginx/1.10.3',
153 verbose headers   'content-type': 'application/json',
153 verbose headers   'last-modified': 'Sat, 10 Sep 2016 23:39:29 GMT',
153 verbose headers   etag: 'W/"57d499b1-1545"',
153 verbose headers   'content-encoding': 'gzip',
153 verbose headers   'cache-control': 'max-age=300',
153 verbose headers   'transfer-encoding': 'chunked',
153 verbose headers   'accept-ranges': 'bytes',
153 verbose headers   date: 'Mon, 30 Oct 2017 08:06:23 GMT',
153 verbose headers   via: '1.1 varnish',
153 verbose headers   connection: 'keep-alive',
153 verbose headers   'x-served-by': 'cache-sin18027-SIN',
153 verbose headers   'x-cache': 'MISS',
153 verbose headers   'x-cache-hits': '0',
153 verbose headers   'x-timer': 'S1509350784.503081,VS0,VE138',
153 verbose headers   vary: 'Accept-Encoding, Accept' }
154 silly get cb [ 200,
154 silly get   { server: 'nginx/1.10.3',
154 silly get     'content-type': 'application/json',
154 silly get     'last-modified': 'Sat, 10 Sep 2016 23:39:29 GMT',
154 silly get     etag: 'W/"57d499b1-1545"',
154 silly get     'content-encoding': 'gzip',
154 silly get     'cache-control': 'max-age=300',
154 silly get     'transfer-encoding': 'chunked',
154 silly get     'accept-ranges': 'bytes',
154 silly get     date: 'Mon, 30 Oct 2017 08:06:23 GMT',
154 silly get     via: '1.1 varnish',
154 silly get     connection: 'keep-alive',
154 silly get     'x-served-by': 'cache-sin18027-SIN',
154 silly get     'x-cache': 'MISS',
154 silly get     'x-cache-hits': '0',
154 silly get     'x-timer': 'S1509350784.503081,VS0,VE138',
154 silly get     vary: 'Accept-Encoding, Accept' } ]
155 verbose get saving sorted-object to /home/genie/.npm/registry.npmjs.org/sorted-object/.cache.json
156 verbose correctMkdir /home/genie/.npm correctMkdir not in flight; initializing
157 silly resolveWithNewModule sorted-object@2.0.1 checking installable status
158 silly cache add args [ 'sorted-object@2.0.1', null ]
159 verbose cache add spec sorted-object@2.0.1
160 silly cache add parsed spec Result {
160 silly cache add   raw: 'sorted-object@2.0.1',
160 silly cache add   scope: null,
160 silly cache add   escapedName: 'sorted-object',
160 silly cache add   name: 'sorted-object',
160 silly cache add   rawSpec: '2.0.1',
160 silly cache add   spec: '2.0.1',
160 silly cache add   type: 'version' }
161 silly addNamed sorted-object@2.0.1
162 verbose addNamed "2.0.1" is a plain semver version for sorted-object
163 silly mapToRegistry name sorted-object
164 silly mapToRegistry using default registry
165 silly mapToRegistry registry https://registry.npmjs.org/
166 silly mapToRegistry data Result {
166 silly mapToRegistry   raw: 'sorted-object',
166 silly mapToRegistry   scope: null,
166 silly mapToRegistry   escapedName: 'sorted-object',
166 silly mapToRegistry   name: 'sorted-object',
166 silly mapToRegistry   rawSpec: '',
166 silly mapToRegistry   spec: 'latest',
166 silly mapToRegistry   type: 'tag' }
167 silly mapToRegistry uri https://registry.npmjs.org/sorted-object
168 verbose addNameVersion registry:https://registry.npmjs.org/sorted-object not in flight; fetching
169 verbose get https://registry.npmjs.org/sorted-object not expired, no request
170 silly mapToRegistry name sorted-object
171 silly mapToRegistry using default registry
172 silly mapToRegistry registry https://registry.npmjs.org/
173 silly mapToRegistry data Result {
173 silly mapToRegistry   raw: 'sorted-object',
173 silly mapToRegistry   scope: null,
173 silly mapToRegistry   escapedName: 'sorted-object',
173 silly mapToRegistry   name: 'sorted-object',
173 silly mapToRegistry   rawSpec: '',
173 silly mapToRegistry   spec: 'latest',
173 silly mapToRegistry   type: 'tag' }
174 silly mapToRegistry uri https://registry.npmjs.org/sorted-object
175 verbose addRemoteTarball https://registry.npmjs.org/sorted-object/-/sorted-object-2.0.1.tgz not in flight; adding
176 verbose addRemoteTarball [ 'https://registry.npmjs.org/sorted-object/-/sorted-object-2.0.1.tgz',
176 verbose addRemoteTarball   '7d631f4bd3a798a24af1dffcfbfe83337a5df5fc' ]
177 info retry fetch attempt 1 at 5:06:23 PM
178 info attempt registry request try #1 at 5:06:23 PM
179 http fetch GET https://registry.npmjs.org/sorted-object/-/sorted-object-2.0.1.tgz
180 verbose request using bearer token for auth
181 http 200 https://registry.npmjs.org/mkdirp
182 verbose headers { server: 'nginx/1.10.3',
182 verbose headers   'content-type': 'application/json',
182 verbose headers   'last-modified': 'Sat, 28 Oct 2017 01:53:59 GMT',
182 verbose headers   etag: 'W/"59f3e337-6844"',
182 verbose headers   'content-encoding': 'gzip',
182 verbose headers   'cache-control': 'max-age=300',
182 verbose headers   'transfer-encoding': 'chunked',
182 verbose headers   'accept-ranges': 'bytes',
182 verbose headers   date: 'Mon, 30 Oct 2017 08:06:23 GMT',
182 verbose headers   via: '1.1 varnish',
182 verbose headers   connection: 'keep-alive',
182 verbose headers   'x-served-by': 'cache-sin18026-SIN',
182 verbose headers   'x-cache': 'MISS',
182 verbose headers   'x-cache-hits': '0',
182 verbose headers   'x-timer': 'S1509350784.509976,VS0,VE139',
182 verbose headers   vary: 'Accept-Encoding, Accept' }
183 silly get cb [ 200,
183 silly get   { server: 'nginx/1.10.3',
183 silly get     'content-type': 'application/json',
183 silly get     'last-modified': 'Sat, 28 Oct 2017 01:53:59 GMT',
183 silly get     etag: 'W/"59f3e337-6844"',
183 silly get     'content-encoding': 'gzip',
183 silly get     'cache-control': 'max-age=300',
183 silly get     'transfer-encoding': 'chunked',
183 silly get     'accept-ranges': 'bytes',
183 silly get     date: 'Mon, 30 Oct 2017 08:06:23 GMT',
183 silly get     via: '1.1 varnish',
183 silly get     connection: 'keep-alive',
183 silly get     'x-served-by': 'cache-sin18026-SIN',
183 silly get     'x-cache': 'MISS',
183 silly get     'x-cache-hits': '0',
183 silly get     'x-timer': 'S1509350784.509976,VS0,VE139',
183 silly get     vary: 'Accept-Encoding, Accept' } ]
184 verbose get saving mkdirp to /home/genie/.npm/registry.npmjs.org/mkdirp/.cache.json
185 verbose correctMkdir /home/genie/.npm correctMkdir not in flight; initializing
186 silly resolveWithNewModule mkdirp@0.5.1 checking installable status
187 silly cache add args [ 'mkdirp@0.5.1', null ]
188 verbose cache add spec mkdirp@0.5.1
189 silly cache add parsed spec Result {
189 silly cache add   raw: 'mkdirp@0.5.1',
189 silly cache add   scope: null,
189 silly cache add   escapedName: 'mkdirp',
189 silly cache add   name: 'mkdirp',
189 silly cache add   rawSpec: '0.5.1',
189 silly cache add   spec: '0.5.1',
189 silly cache add   type: 'version' }
190 silly addNamed mkdirp@0.5.1
191 verbose addNamed "0.5.1" is a plain semver version for mkdirp
192 silly mapToRegistry name mkdirp
193 silly mapToRegistry using default registry
194 silly mapToRegistry registry https://registry.npmjs.org/
195 silly mapToRegistry data Result {
195 silly mapToRegistry   raw: 'mkdirp',
195 silly mapToRegistry   scope: null,
195 silly mapToRegistry   escapedName: 'mkdirp',
195 silly mapToRegistry   name: 'mkdirp',
195 silly mapToRegistry   rawSpec: '',
195 silly mapToRegistry   spec: 'latest',
195 silly mapToRegistry   type: 'tag' }
196 silly mapToRegistry uri https://registry.npmjs.org/mkdirp
197 verbose addNameVersion registry:https://registry.npmjs.org/mkdirp not in flight; fetching
198 verbose get https://registry.npmjs.org/mkdirp not expired, no request
199 silly cache afterAdd mkdirp@0.5.1
200 verbose afterAdd /home/genie/.npm/mkdirp/0.5.1/package/package.json not in flight; writing
201 verbose correctMkdir /home/genie/.npm correctMkdir not in flight; initializing
202 verbose afterAdd /home/genie/.npm/mkdirp/0.5.1/package/package.json written
203 silly fetchAndShaCheck shasum cc872c168880ae3c7189762fd5ffc00896c9518a
204 verbose addTmpTarball /tmp/npm-6376-79966db5/registry.npmjs.org/ejs/-/ejs-2.5.7.tgz not in flight; adding
205 verbose addTmpTarball already have metadata; skipping unpack for ejs@2.5.7
206 verbose correctMkdir /home/genie/.npm correctMkdir not in flight; initializing
207 silly cache afterAdd ejs@2.5.7
208 verbose afterAdd /home/genie/.npm/ejs/2.5.7/package/package.json not in flight; writing
209 verbose correctMkdir /home/genie/.npm correctMkdir not in flight; initializing
210 verbose afterAdd /home/genie/.npm/ejs/2.5.7/package/package.json written
211 http fetch 200 https://registry.npmjs.org/sorted-object/-/sorted-object-2.0.1.tgz
212 silly fetchAndShaCheck shasum 7d631f4bd3a798a24af1dffcfbfe83337a5df5fc
213 verbose addTmpTarball /tmp/npm-6376-79966db5/registry.npmjs.org/sorted-object/-/sorted-object-2.0.1.tgz not in flight; adding
214 verbose addTmpTarball already have metadata; skipping unpack for sorted-object@2.0.1
215 verbose correctMkdir /home/genie/.npm correctMkdir not in flight; initializing
216 silly cache afterAdd sorted-object@2.0.1
217 verbose afterAdd /home/genie/.npm/sorted-object/2.0.1/package/package.json not in flight; writing
218 verbose correctMkdir /home/genie/.npm correctMkdir not in flight; initializing
219 verbose afterAdd /home/genie/.npm/sorted-object/2.0.1/package/package.json written
220 http 200 https://registry.npmjs.org/commander
221 verbose headers { server: 'nginx/1.10.3',
221 verbose headers   'content-type': 'application/json',
221 verbose headers   'last-modified': 'Fri, 27 Oct 2017 06:06:57 GMT',
221 verbose headers   etag: 'W/"59f2cd01-1192f"',
221 verbose headers   'content-encoding': 'gzip',
221 verbose headers   'cache-control': 'max-age=300',
221 verbose headers   'transfer-encoding': 'chunked',
221 verbose headers   'accept-ranges': 'bytes',
221 verbose headers   date: 'Mon, 30 Oct 2017 08:06:23 GMT',
221 verbose headers   via: '1.1 varnish',
221 verbose headers   connection: 'keep-alive',
221 verbose headers   'x-served-by': 'cache-sin18035-SIN',
221 verbose headers   'x-cache': 'MISS',
221 verbose headers   'x-cache-hits': '0',
221 verbose headers   'x-timer': 'S1509350784.517290,VS0,VE286',
221 verbose headers   vary: 'Accept-Encoding, Accept' }
222 silly get cb [ 200,
222 silly get   { server: 'nginx/1.10.3',
222 silly get     'content-type': 'application/json',
222 silly get     'last-modified': 'Fri, 27 Oct 2017 06:06:57 GMT',
222 silly get     etag: 'W/"59f2cd01-1192f"',
222 silly get     'content-encoding': 'gzip',
222 silly get     'cache-control': 'max-age=300',
222 silly get     'transfer-encoding': 'chunked',
222 silly get     'accept-ranges': 'bytes',
222 silly get     date: 'Mon, 30 Oct 2017 08:06:23 GMT',
222 silly get     via: '1.1 varnish',
222 silly get     connection: 'keep-alive',
222 silly get     'x-served-by': 'cache-sin18035-SIN',
222 silly get     'x-cache': 'MISS',
222 silly get     'x-cache-hits': '0',
222 silly get     'x-timer': 'S1509350784.517290,VS0,VE286',
222 silly get     vary: 'Accept-Encoding, Accept' } ]
223 verbose get saving commander to /home/genie/.npm/registry.npmjs.org/commander/.cache.json
224 verbose correctMkdir /home/genie/.npm correctMkdir not in flight; initializing
225 silly resolveWithNewModule commander@2.11.0 checking installable status
226 silly cache add args [ 'commander@2.11.0', null ]
227 verbose cache add spec commander@2.11.0
228 silly cache add parsed spec Result {
228 silly cache add   raw: 'commander@2.11.0',
228 silly cache add   scope: null,
228 silly cache add   escapedName: 'commander',
228 silly cache add   name: 'commander',
228 silly cache add   rawSpec: '2.11.0',
228 silly cache add   spec: '2.11.0',
228 silly cache add   type: 'version' }
229 silly addNamed commander@2.11.0
230 verbose addNamed "2.11.0" is a plain semver version for commander
231 silly mapToRegistry name commander
232 silly mapToRegistry using default registry
233 silly mapToRegistry registry https://registry.npmjs.org/
234 silly mapToRegistry data Result {
234 silly mapToRegistry   raw: 'commander',
234 silly mapToRegistry   scope: null,
234 silly mapToRegistry   escapedName: 'commander',
234 silly mapToRegistry   name: 'commander',
234 silly mapToRegistry   rawSpec: '',
234 silly mapToRegistry   spec: 'latest',
234 silly mapToRegistry   type: 'tag' }
235 silly mapToRegistry uri https://registry.npmjs.org/commander
236 verbose addNameVersion registry:https://registry.npmjs.org/commander not in flight; fetching
237 verbose get https://registry.npmjs.org/commander not expired, no request
238 silly cache afterAdd commander@2.11.0
239 verbose afterAdd /home/genie/.npm/commander/2.11.0/package/package.json not in flight; writing
240 verbose correctMkdir /home/genie/.npm correctMkdir not in flight; initializing
241 verbose afterAdd /home/genie/.npm/commander/2.11.0/package/package.json written
242 silly fetchNamedPackageData minimist
243 silly mapToRegistry name minimist
244 silly mapToRegistry using default registry
245 silly mapToRegistry registry https://registry.npmjs.org/
246 silly mapToRegistry data Result {
246 silly mapToRegistry   raw: 'minimist',
246 silly mapToRegistry   scope: null,
246 silly mapToRegistry   escapedName: 'minimist',
246 silly mapToRegistry   name: 'minimist',
246 silly mapToRegistry   rawSpec: '',
246 silly mapToRegistry   spec: 'latest',
246 silly mapToRegistry   type: 'tag' }
247 silly mapToRegistry uri https://registry.npmjs.org/minimist
248 verbose request uri https://registry.npmjs.org/minimist
249 verbose request no auth needed
250 info attempt registry request try #1 at 5:06:23 PM
251 verbose request using bearer token for auth
252 verbose etag W/"59bbaf4c-7700"
253 verbose lastModified Fri, 15 Sep 2017 10:45:32 GMT
254 http request GET https://registry.npmjs.org/minimist
255 http 200 https://registry.npmjs.org/minimist
256 verbose headers { server: 'nginx/1.10.3',
256 verbose headers   'content-type': 'application/json',
256 verbose headers   'last-modified': 'Thu, 19 Oct 2017 12:00:46 GMT',
256 verbose headers   etag: 'W/"59e893ee-77e6"',
256 verbose headers   'content-encoding': 'gzip',
256 verbose headers   'cache-control': 'max-age=300',
256 verbose headers   'transfer-encoding': 'chunked',
256 verbose headers   'accept-ranges': 'bytes',
256 verbose headers   date: 'Mon, 30 Oct 2017 08:06:24 GMT',
256 verbose headers   via: '1.1 varnish',
256 verbose headers   connection: 'keep-alive',
256 verbose headers   'x-served-by': 'cache-sin18026-SIN',
256 verbose headers   'x-cache': 'MISS',
256 verbose headers   'x-cache-hits': '0',
256 verbose headers   'x-timer': 'S1509350784.054892,VS0,VE145',
256 verbose headers   vary: 'Accept-Encoding, Accept' }
257 silly get cb [ 200,
257 silly get   { server: 'nginx/1.10.3',
257 silly get     'content-type': 'application/json',
257 silly get     'last-modified': 'Thu, 19 Oct 2017 12:00:46 GMT',
257 silly get     etag: 'W/"59e893ee-77e6"',
257 silly get     'content-encoding': 'gzip',
257 silly get     'cache-control': 'max-age=300',
257 silly get     'transfer-encoding': 'chunked',
257 silly get     'accept-ranges': 'bytes',
257 silly get     date: 'Mon, 30 Oct 2017 08:06:24 GMT',
257 silly get     via: '1.1 varnish',
257 silly get     connection: 'keep-alive',
257 silly get     'x-served-by': 'cache-sin18026-SIN',
257 silly get     'x-cache': 'MISS',
257 silly get     'x-cache-hits': '0',
257 silly get     'x-timer': 'S1509350784.054892,VS0,VE145',
257 silly get     vary: 'Accept-Encoding, Accept' } ]
258 verbose get saving minimist to /home/genie/.npm/registry.npmjs.org/minimist/.cache.json
259 verbose correctMkdir /home/genie/.npm correctMkdir not in flight; initializing
260 silly resolveWithNewModule minimist@0.0.8 checking installable status
261 silly cache add args [ 'minimist@0.0.8', null ]
262 verbose cache add spec minimist@0.0.8
263 silly cache add parsed spec Result {
263 silly cache add   raw: 'minimist@0.0.8',
263 silly cache add   scope: null,
263 silly cache add   escapedName: 'minimist',
263 silly cache add   name: 'minimist',
263 silly cache add   rawSpec: '0.0.8',
263 silly cache add   spec: '0.0.8',
263 silly cache add   type: 'version' }
264 silly addNamed minimist@0.0.8
265 verbose addNamed "0.0.8" is a plain semver version for minimist
266 silly mapToRegistry name minimist
267 silly mapToRegistry using default registry
268 silly mapToRegistry registry https://registry.npmjs.org/
269 silly mapToRegistry data Result {
269 silly mapToRegistry   raw: 'minimist',
269 silly mapToRegistry   scope: null,
269 silly mapToRegistry   escapedName: 'minimist',
269 silly mapToRegistry   name: 'minimist',
269 silly mapToRegistry   rawSpec: '',
269 silly mapToRegistry   spec: 'latest',
269 silly mapToRegistry   type: 'tag' }
270 silly mapToRegistry uri https://registry.npmjs.org/minimist
271 verbose addNameVersion registry:https://registry.npmjs.org/minimist not in flight; fetching
272 verbose get https://registry.npmjs.org/minimist not expired, no request
273 silly cache afterAdd minimist@0.0.8
274 verbose afterAdd /home/genie/.npm/minimist/0.0.8/package/package.json not in flight; writing
275 verbose correctMkdir /home/genie/.npm correctMkdir not in flight; initializing
276 verbose afterAdd /home/genie/.npm/minimist/0.0.8/package/package.json written
277 silly loadAllDepsIntoIdealTree Finishing
278 silly loadIdealTree Finishing
279 silly currentTree lib
280 silly idealTree lib
280 silly idealTree └─┬ express-generator@4.15.5
280 silly idealTree   ├── commander@2.11.0
280 silly idealTree   ├── ejs@2.5.7
280 silly idealTree   ├── minimist@0.0.8
280 silly idealTree   ├── mkdirp@0.5.1
280 silly idealTree   └── sorted-object@2.0.1
281 silly generateActionsToTake Starting
282 silly install generateActionsToTake
283 warn checkPermissions Missing write access to /usr/local/lib/node_modules
284 silly rollbackFailedOptional Starting
285 silly rollbackFailedOptional Finishing
286 silly runTopLevelLifecycles Finishing
287 silly install printInstalled
288 verbose stack Error: EACCES: permission denied, access '/usr/local/lib/node_modules'
288 verbose stack     at Error (native)
289 verbose cwd /home/genie/spinnaker-pkg-test
290 error Linux 4.9.38-16.33.amzn1.x86_64
291 error argv "/usr/local/bin/node" "/usr/local/bin/npm" "install" "express-generator" "-g"
292 error node v6.10.3
293 error npm  v3.10.10
294 error path /usr/local/lib/node_modules
295 error code EACCES
296 error errno -13
297 error syscall access
298 error Error: EACCES: permission denied, access '/usr/local/lib/node_modules'
298 error     at Error (native)
298 error  { Error: EACCES: permission denied, access '/usr/local/lib/node_modules'
298 error     at Error (native)
298 error   errno: -13,
298 error   code: 'EACCES',
298 error   syscall: 'access',
298 error   path: '/usr/local/lib/node_modules' }
299 error Please try running this command again as root/Administrator.
300 verbose exit [ -13, true ]
